2020-06-03 22:21:56: [0mGET /api/article/allList [36m304 [0m338.873 ms - -[0m
2020-06-03 22:21:56: { UnauthorizedError: No authorization token was found
    at middleware (C:\Users\ZKH\Desktop\web\Node\server\node_modules\express-jwt\lib\index.js:76:21)
    at C:\Users\ZKH\Desktop\web\Node\server\node_modules\express-unless\index.js:47:5
    at Layer.handle [as handle_request] (C:\Users\ZKH\Desktop\web\Node\server\node_modules\express\lib\router\layer.js:95:5)
    at trim_prefix (C:\Users\ZKH\Desktop\web\Node\server\node_modules\express\lib\router\index.js:317:13)
    at C:\Users\ZKH\Desktop\web\Node\server\node_modules\express\lib\router\index.js:284:7
    at Function.process_params (C:\Users\ZKH\Desktop\web\Node\server\node_modules\express\lib\router\index.js:335:12)
    at next (C:\Users\ZKH\Desktop\web\Node\server\node_modules\express\lib\router\index.js:275:10)
    at SendStream.error (C:\Users\ZKH\Desktop\web\Node\server\node_modules\serve-static\index.js:121:7)
    at SendStream.emit (events.js:198:13)
    at SendStream.error (C:\Users\ZKH\Desktop\web\Node\server\node_modules\send\index.js:270:17)
  name: 'UnauthorizedError',
  message: 'No authorization token was found',
  code: 'credentials_required',
  status: 401,
  inner: { message: 'No authorization token was found' } }
2020-06-03 22:21:56: [0mGET /favicon.ico [33m401 [0m6.067 ms - 37[0m
2020-06-03 22:22:01: [0mGET /api/article/allList [36m304 [0m148.023 ms - -[0m
2020-06-03 22:22:01: { UnauthorizedError: No authorization token was found
    at middleware (C:\Users\ZKH\Desktop\web\Node\server\node_modules\express-jwt\lib\index.js:76:21)
    at C:\Users\ZKH\Desktop\web\Node\server\node_modules\express-unless\index.js:47:5
    at Layer.handle [as handle_request] (C:\Users\ZKH\Desktop\web\Node\server\node_modules\express\lib\router\layer.js:95:5)
    at trim_prefix (C:\Users\ZKH\Desktop\web\Node\server\node_modules\express\lib\router\index.js:317:13)
    at C:\Users\ZKH\Desktop\web\Node\server\node_modules\express\lib\router\index.js:284:7
    at Function.process_params (C:\Users\ZKH\Desktop\web\Node\server\node_modules\express\lib\router\index.js:335:12)
    at next (C:\Users\ZKH\Desktop\web\Node\server\node_modules\express\lib\router\index.js:275:10)
    at SendStream.error (C:\Users\ZKH\Desktop\web\Node\server\node_modules\serve-static\index.js:121:7)
    at SendStream.emit (events.js:198:13)
    at SendStream.error (C:\Users\ZKH\Desktop\web\Node\server\node_modules\send\index.js:270:17)
  name: 'UnauthorizedError',
  message: 'No authorization token was found',
  code: 'credentials_required',
  status: 401,
  inner: { message: 'No authorization token was found' } }
2020-06-03 22:22:01: [0mGET /favicon.ico [33m401 [0m3.103 ms - 37[0m
2020-06-03 22:22:02: [0mGET /api/article/allList [36m304 [0m145.467 ms - -[0m
2020-06-03 22:22:02: { UnauthorizedError: No authorization token was found
    at middleware (C:\Users\ZKH\Desktop\web\Node\server\node_modules\express-jwt\lib\index.js:76:21)
    at C:\Users\ZKH\Desktop\web\Node\server\node_modules\express-unless\index.js:47:5
    at Layer.handle [as handle_request] (C:\Users\ZKH\Desktop\web\Node\server\node_modules\express\lib\router\layer.js:95:5)
    at trim_prefix (C:\Users\ZKH\Desktop\web\Node\server\node_modules\express\lib\router\index.js:317:13)
    at C:\Users\ZKH\Desktop\web\Node\server\node_modules\express\lib\router\index.js:284:7
    at Function.process_params (C:\Users\ZKH\Desktop\web\Node\server\node_modules\express\lib\router\index.js:335:12)
    at next (C:\Users\ZKH\Desktop\web\Node\server\node_modules\express\lib\router\index.js:275:10)
    at SendStream.error (C:\Users\ZKH\Desktop\web\Node\server\node_modules\serve-static\index.js:121:7)
    at SendStream.emit (events.js:198:13)
    at SendStream.error (C:\Users\ZKH\Desktop\web\Node\server\node_modules\send\index.js:270:17)
  name: 'UnauthorizedError',
  message: 'No authorization token was found',
  code: 'credentials_required',
  status: 401,
  inner: { message: 'No authorization token was found' } }
2020-06-03 22:22:02: [0mGET /favicon.ico [33m401 [0m1.116 ms - 37[0m
2020-06-03 22:41:55: [0mGET /api/article/allList [36m304 [0m315.900 ms - -[0m
2020-06-03 22:41:55: { UnauthorizedError: No authorization token was found
    at middleware (C:\Users\ZKH\Desktop\web\Node\server\node_modules\express-jwt\lib\index.js:76:21)
    at C:\Users\ZKH\Desktop\web\Node\server\node_modules\express-unless\index.js:47:5
    at Layer.handle [as handle_request] (C:\Users\ZKH\Desktop\web\Node\server\node_modules\express\lib\router\layer.js:95:5)
    at trim_prefix (C:\Users\ZKH\Desktop\web\Node\server\node_modules\express\lib\router\index.js:317:13)
    at C:\Users\ZKH\Desktop\web\Node\server\node_modules\express\lib\router\index.js:284:7
    at Function.process_params (C:\Users\ZKH\Desktop\web\Node\server\node_modules\express\lib\router\index.js:335:12)
    at next (C:\Users\ZKH\Desktop\web\Node\server\node_modules\express\lib\router\index.js:275:10)
    at SendStream.error (C:\Users\ZKH\Desktop\web\Node\server\node_modules\serve-static\index.js:121:7)
    at SendStream.emit (events.js:198:13)
    at SendStream.error (C:\Users\ZKH\Desktop\web\Node\server\node_modules\send\index.js:270:17)
  name: 'UnauthorizedError',
  message: 'No authorization token was found',
  code: 'credentials_required',
  status: 401,
  inner: { message: 'No authorization token was found' } }
2020-06-03 22:41:55: [0mGET /favicon.ico [33m401 [0m7.271 ms - 37[0m
2020-06-03 22:42:48: [0mGET /api/article/allList [36m304 [0m299.976 ms - -[0m
2020-06-03 22:42:48: { UnauthorizedError: No authorization token was found
    at middleware (C:\Users\ZKH\Desktop\web\Node\server\node_modules\express-jwt\lib\index.js:76:21)
    at C:\Users\ZKH\Desktop\web\Node\server\node_modules\express-unless\index.js:47:5
    at Layer.handle [as handle_request] (C:\Users\ZKH\Desktop\web\Node\server\node_modules\express\lib\router\layer.js:95:5)
    at trim_prefix (C:\Users\ZKH\Desktop\web\Node\server\node_modules\express\lib\router\index.js:317:13)
    at C:\Users\ZKH\Desktop\web\Node\server\node_modules\express\lib\router\index.js:284:7
    at Function.process_params (C:\Users\ZKH\Desktop\web\Node\server\node_modules\express\lib\router\index.js:335:12)
    at next (C:\Users\ZKH\Desktop\web\Node\server\node_modules\express\lib\router\index.js:275:10)
    at SendStream.error (C:\Users\ZKH\Desktop\web\Node\server\node_modules\serve-static\index.js:121:7)
    at SendStream.emit (events.js:198:13)
    at SendStream.error (C:\Users\ZKH\Desktop\web\Node\server\node_modules\send\index.js:270:17)
  name: 'UnauthorizedError',
  message: 'No authorization token was found',
  code: 'credentials_required',
  status: 401,
  inner: { message: 'No authorization token was found' } }
2020-06-03 22:42:48: [0mGET /favicon.ico [33m401 [0m8.724 ms - 37[0m
2020-06-03 22:43:00: [0mGET /api/article/allList [36m304 [0m132.892 ms - -[0m
2020-06-03 22:43:00: { UnauthorizedError: No authorization token was found
    at middleware (C:\Users\ZKH\Desktop\web\Node\server\node_modules\express-jwt\lib\index.js:76:21)
    at C:\Users\ZKH\Desktop\web\Node\server\node_modules\express-unless\index.js:47:5
    at Layer.handle [as handle_request] (C:\Users\ZKH\Desktop\web\Node\server\node_modules\express\lib\router\layer.js:95:5)
    at trim_prefix (C:\Users\ZKH\Desktop\web\Node\server\node_modules\express\lib\router\index.js:317:13)
    at C:\Users\ZKH\Desktop\web\Node\server\node_modules\express\lib\router\index.js:284:7
    at Function.process_params (C:\Users\ZKH\Desktop\web\Node\server\node_modules\express\lib\router\index.js:335:12)
    at next (C:\Users\ZKH\Desktop\web\Node\server\node_modules\express\lib\router\index.js:275:10)
    at SendStream.error (C:\Users\ZKH\Desktop\web\Node\server\node_modules\serve-static\index.js:121:7)
    at SendStream.emit (events.js:198:13)
    at SendStream.error (C:\Users\ZKH\Desktop\web\Node\server\node_modules\send\index.js:270:17)
  name: 'UnauthorizedError',
  message: 'No authorization token was found',
  code: 'credentials_required',
  status: 401,
  inner: { message: 'No authorization token was found' } }
2020-06-03 22:43:00: [0mGET /favicon.ico [33m401 [0m1.680 ms - 37[0m
2020-06-03 22:43:02: [0mGET /api/article/allList [36m304 [0m129.701 ms - -[0m
2020-06-03 22:43:02: { UnauthorizedError: No authorization token was found
    at middleware (C:\Users\ZKH\Desktop\web\Node\server\node_modules\express-jwt\lib\index.js:76:21)
    at C:\Users\ZKH\Desktop\web\Node\server\node_modules\express-unless\index.js:47:5
    at Layer.handle [as handle_request] (C:\Users\ZKH\Desktop\web\Node\server\node_modules\express\lib\router\layer.js:95:5)
    at trim_prefix (C:\Users\ZKH\Desktop\web\Node\server\node_modules\express\lib\router\index.js:317:13)
    at C:\Users\ZKH\Desktop\web\Node\server\node_modules\express\lib\router\index.js:284:7
    at Function.process_params (C:\Users\ZKH\Desktop\web\Node\server\node_modules\express\lib\router\index.js:335:12)
    at next (C:\Users\ZKH\Desktop\web\Node\server\node_modules\express\lib\router\index.js:275:10)
    at SendStream.error (C:\Users\ZKH\Desktop\web\Node\server\node_modules\serve-static\index.js:121:7)
    at SendStream.emit (events.js:198:13)
    at SendStream.error (C:\Users\ZKH\Desktop\web\Node\server\node_modules\send\index.js:270:17)
  name: 'UnauthorizedError',
  message: 'No authorization token was found',
  code: 'credentials_required',
  status: 401,
  inner: { message: 'No authorization token was found' } }
2020-06-03 22:43:02: [0mGET /favicon.ico [33m401 [0m1.161 ms - 37[0m
2020-06-03 22:43:03: [0mGET /api/article/allList [36m304 [0m131.399 ms - -[0m
2020-06-03 22:43:03: { UnauthorizedError: No authorization token was found
    at middleware (C:\Users\ZKH\Desktop\web\Node\server\node_modules\express-jwt\lib\index.js:76:21)
    at C:\Users\ZKH\Desktop\web\Node\server\node_modules\express-unless\index.js:47:5
    at Layer.handle [as handle_request] (C:\Users\ZKH\Desktop\web\Node\server\node_modules\express\lib\router\layer.js:95:5)
    at trim_prefix (C:\Users\ZKH\Desktop\web\Node\server\node_modules\express\lib\router\index.js:317:13)
    at C:\Users\ZKH\Desktop\web\Node\server\node_modules\express\lib\router\index.js:284:7
    at Function.process_params (C:\Users\ZKH\Desktop\web\Node\server\node_modules\express\lib\router\index.js:335:12)
    at next (C:\Users\ZKH\Desktop\web\Node\server\node_modules\express\lib\router\index.js:275:10)
    at SendStream.error (C:\Users\ZKH\Desktop\web\Node\server\node_modules\serve-static\index.js:121:7)
    at SendStream.emit (events.js:198:13)
    at SendStream.error (C:\Users\ZKH\Desktop\web\Node\server\node_modules\send\index.js:270:17)
  name: 'UnauthorizedError',
  message: 'No authorization token was found',
  code: 'credentials_required',
  status: 401,
  inner: { message: 'No authorization token was found' } }
2020-06-03 22:43:03: [0mGET /favicon.ico [33m401 [0m1.234 ms - 37[0m
2020-06-03 22:43:03: [0mGET /api/article/allList [36m304 [0m131.301 ms - -[0m
2020-06-03 22:43:03: { UnauthorizedError: No authorization token was found
    at middleware (C:\Users\ZKH\Desktop\web\Node\server\node_modules\express-jwt\lib\index.js:76:21)
    at C:\Users\ZKH\Desktop\web\Node\server\node_modules\express-unless\index.js:47:5
    at Layer.handle [as handle_request] (C:\Users\ZKH\Desktop\web\Node\server\node_modules\express\lib\router\layer.js:95:5)
    at trim_prefix (C:\Users\ZKH\Desktop\web\Node\server\node_modules\express\lib\router\index.js:317:13)
    at C:\Users\ZKH\Desktop\web\Node\server\node_modules\express\lib\router\index.js:284:7
    at Function.process_params (C:\Users\ZKH\Desktop\web\Node\server\node_modules\express\lib\router\index.js:335:12)
    at next (C:\Users\ZKH\Desktop\web\Node\server\node_modules\express\lib\router\index.js:275:10)
    at SendStream.error (C:\Users\ZKH\Desktop\web\Node\server\node_modules\serve-static\index.js:121:7)
    at SendStream.emit (events.js:198:13)
    at SendStream.error (C:\Users\ZKH\Desktop\web\Node\server\node_modules\send\index.js:270:17)
  name: 'UnauthorizedError',
  message: 'No authorization token was found',
  code: 'credentials_required',
  status: 401,
  inner: { message: 'No authorization token was found' } }
2020-06-03 22:43:03: [0mGET /favicon.ico [33m401 [0m1.916 ms - 37[0m
2020-06-03 22:43:03: [0mGET /api/article/allList [36m304 [0m130.541 ms - -[0m
2020-06-03 22:43:03: { UnauthorizedError: No authorization token was found
    at middleware (C:\Users\ZKH\Desktop\web\Node\server\node_modules\express-jwt\lib\index.js:76:21)
    at C:\Users\ZKH\Desktop\web\Node\server\node_modules\express-unless\index.js:47:5
    at Layer.handle [as handle_request] (C:\Users\ZKH\Desktop\web\Node\server\node_modules\express\lib\router\layer.js:95:5)
    at trim_prefix (C:\Users\ZKH\Desktop\web\Node\server\node_modules\express\lib\router\index.js:317:13)
    at C:\Users\ZKH\Desktop\web\Node\server\node_modules\express\lib\router\index.js:284:7
    at Function.process_params (C:\Users\ZKH\Desktop\web\Node\server\node_modules\express\lib\router\index.js:335:12)
    at next (C:\Users\ZKH\Desktop\web\Node\server\node_modules\express\lib\router\index.js:275:10)
    at SendStream.error (C:\Users\ZKH\Desktop\web\Node\server\node_modules\serve-static\index.js:121:7)
    at SendStream.emit (events.js:198:13)
    at SendStream.error (C:\Users\ZKH\Desktop\web\Node\server\node_modules\send\index.js:270:17)
  name: 'UnauthorizedError',
  message: 'No authorization token was found',
  code: 'credentials_required',
  status: 401,
  inner: { message: 'No authorization token was found' } }
2020-06-03 22:43:03: [0mGET /favicon.ico [33m401 [0m0.857 ms - 37[0m
2020-06-03 22:43:04: [0mGET /api/article/allList [36m304 [0m132.016 ms - -[0m
2020-06-03 22:43:04: { UnauthorizedError: No authorization token was found
    at middleware (C:\Users\ZKH\Desktop\web\Node\server\node_modules\express-jwt\lib\index.js:76:21)
    at C:\Users\ZKH\Desktop\web\Node\server\node_modules\express-unless\index.js:47:5
    at Layer.handle [as handle_request] (C:\Users\ZKH\Desktop\web\Node\server\node_modules\express\lib\router\layer.js:95:5)
    at trim_prefix (C:\Users\ZKH\Desktop\web\Node\server\node_modules\express\lib\router\index.js:317:13)
    at C:\Users\ZKH\Desktop\web\Node\server\node_modules\express\lib\router\index.js:284:7
    at Function.process_params (C:\Users\ZKH\Desktop\web\Node\server\node_modules\express\lib\router\index.js:335:12)
    at next (C:\Users\ZKH\Desktop\web\Node\server\node_modules\express\lib\router\index.js:275:10)
    at SendStream.error (C:\Users\ZKH\Desktop\web\Node\server\node_modules\serve-static\index.js:121:7)
    at SendStream.emit (events.js:198:13)
    at SendStream.error (C:\Users\ZKH\Desktop\web\Node\server\node_modules\send\index.js:270:17)
  name: 'UnauthorizedError',
  message: 'No authorization token was found',
  code: 'credentials_required',
  status: 401,
  inner: { message: 'No authorization token was found' } }
2020-06-03 22:43:04: [0mGET /favicon.ico [33m401 [0m2.213 ms - 37[0m
2020-06-03 22:43:05: [0mGET /api/article/allList [36m304 [0m130.460 ms - -[0m
2020-06-03 22:43:05: { UnauthorizedError: No authorization token was found
    at middleware (C:\Users\ZKH\Desktop\web\Node\server\node_modules\express-jwt\lib\index.js:76:21)
    at C:\Users\ZKH\Desktop\web\Node\server\node_modules\express-unless\index.js:47:5
    at Layer.handle [as handle_request] (C:\Users\ZKH\Desktop\web\Node\server\node_modules\express\lib\router\layer.js:95:5)
    at trim_prefix (C:\Users\ZKH\Desktop\web\Node\server\node_modules\express\lib\router\index.js:317:13)
    at C:\Users\ZKH\Desktop\web\Node\server\node_modules\express\lib\router\index.js:284:7
    at Function.process_params (C:\Users\ZKH\Desktop\web\Node\server\node_modules\express\lib\router\index.js:335:12)
    at next (C:\Users\ZKH\Desktop\web\Node\server\node_modules\express\lib\router\index.js:275:10)
    at SendStream.error (C:\Users\ZKH\Desktop\web\Node\server\node_modules\serve-static\index.js:121:7)
    at SendStream.emit (events.js:198:13)
    at SendStream.error (C:\Users\ZKH\Desktop\web\Node\server\node_modules\send\index.js:270:17)
  name: 'UnauthorizedError',
  message: 'No authorization token was found',
  code: 'credentials_required',
  status: 401,
  inner: { message: 'No authorization token was found' } }
2020-06-03 22:43:05: [0mGET /favicon.ico [33m401 [0m1.696 ms - 37[0m
2020-06-03 22:43:06: [0mGET /api/article/allList [36m304 [0m130.795 ms - -[0m
2020-06-03 22:43:06: { UnauthorizedError: No authorization token was found
    at middleware (C:\Users\ZKH\Desktop\web\Node\server\node_modules\express-jwt\lib\index.js:76:21)
    at C:\Users\ZKH\Desktop\web\Node\server\node_modules\express-unless\index.js:47:5
    at Layer.handle [as handle_request] (C:\Users\ZKH\Desktop\web\Node\server\node_modules\express\lib\router\layer.js:95:5)
    at trim_prefix (C:\Users\ZKH\Desktop\web\Node\server\node_modules\express\lib\router\index.js:317:13)
    at C:\Users\ZKH\Desktop\web\Node\server\node_modules\express\lib\router\index.js:284:7
    at Function.process_params (C:\Users\ZKH\Desktop\web\Node\server\node_modules\express\lib\router\index.js:335:12)
    at next (C:\Users\ZKH\Desktop\web\Node\server\node_modules\express\lib\router\index.js:275:10)
    at SendStream.error (C:\Users\ZKH\Desktop\web\Node\server\node_modules\serve-static\index.js:121:7)
    at SendStream.emit (events.js:198:13)
    at SendStream.error (C:\Users\ZKH\Desktop\web\Node\server\node_modules\send\index.js:270:17)
  name: 'UnauthorizedError',
  message: 'No authorization token was found',
  code: 'credentials_required',
  status: 401,
  inner: { message: 'No authorization token was found' } }
2020-06-03 22:43:06: [0mGET /favicon.ico [33m401 [0m1.609 ms - 37[0m
2020-06-03 22:43:06: [0mGET /api/article/allList [36m304 [0m131.663 ms - -[0m
2020-06-03 22:43:06: { UnauthorizedError: No authorization token was found
    at middleware (C:\Users\ZKH\Desktop\web\Node\server\node_modules\express-jwt\lib\index.js:76:21)
    at C:\Users\ZKH\Desktop\web\Node\server\node_modules\express-unless\index.js:47:5
    at Layer.handle [as handle_request] (C:\Users\ZKH\Desktop\web\Node\server\node_modules\express\lib\router\layer.js:95:5)
    at trim_prefix (C:\Users\ZKH\Desktop\web\Node\server\node_modules\express\lib\router\index.js:317:13)
    at C:\Users\ZKH\Desktop\web\Node\server\node_modules\express\lib\router\index.js:284:7
    at Function.process_params (C:\Users\ZKH\Desktop\web\Node\server\node_modules\express\lib\router\index.js:335:12)
    at next (C:\Users\ZKH\Desktop\web\Node\server\node_modules\express\lib\router\index.js:275:10)
    at SendStream.error (C:\Users\ZKH\Desktop\web\Node\server\node_modules\serve-static\index.js:121:7)
    at SendStream.emit (events.js:198:13)
    at SendStream.error (C:\Users\ZKH\Desktop\web\Node\server\node_modules\send\index.js:270:17)
  name: 'UnauthorizedError',
  message: 'No authorization token was found',
  code: 'credentials_required',
  status: 401,
  inner: { message: 'No authorization token was found' } }
2020-06-03 22:43:06: [0mGET /favicon.ico [33m401 [0m1.532 ms - 37[0m
2020-06-03 22:43:07: [0mGET /api/article/allList [36m304 [0m131.089 ms - -[0m
2020-06-03 22:43:07: { UnauthorizedError: No authorization token was found
    at middleware (C:\Users\ZKH\Desktop\web\Node\server\node_modules\express-jwt\lib\index.js:76:21)
    at C:\Users\ZKH\Desktop\web\Node\server\node_modules\express-unless\index.js:47:5
    at Layer.handle [as handle_request] (C:\Users\ZKH\Desktop\web\Node\server\node_modules\express\lib\router\layer.js:95:5)
    at trim_prefix (C:\Users\ZKH\Desktop\web\Node\server\node_modules\express\lib\router\index.js:317:13)
    at C:\Users\ZKH\Desktop\web\Node\server\node_modules\express\lib\router\index.js:284:7
    at Function.process_params (C:\Users\ZKH\Desktop\web\Node\server\node_modules\express\lib\router\index.js:335:12)
    at next (C:\Users\ZKH\Desktop\web\Node\server\node_modules\express\lib\router\index.js:275:10)
    at SendStream.error (C:\Users\ZKH\Desktop\web\Node\server\node_modules\serve-static\index.js:121:7)
    at SendStream.emit (events.js:198:13)
    at SendStream.error (C:\Users\ZKH\Desktop\web\Node\server\node_modules\send\index.js:270:17)
  name: 'UnauthorizedError',
  message: 'No authorization token was found',
  code: 'credentials_required',
  status: 401,
  inner: { message: 'No authorization token was found' } }
2020-06-03 22:43:07: [0mGET /favicon.ico [33m401 [0m2.016 ms - 37[0m
2020-06-03 22:43:07: [0mGET /api/article/allList [36m304 [0m130.282 ms - -[0m
2020-06-03 22:43:07: { UnauthorizedError: No authorization token was found
    at middleware (C:\Users\ZKH\Desktop\web\Node\server\node_modules\express-jwt\lib\index.js:76:21)
    at C:\Users\ZKH\Desktop\web\Node\server\node_modules\express-unless\index.js:47:5
    at Layer.handle [as handle_request] (C:\Users\ZKH\Desktop\web\Node\server\node_modules\express\lib\router\layer.js:95:5)
    at trim_prefix (C:\Users\ZKH\Desktop\web\Node\server\node_modules\express\lib\router\index.js:317:13)
    at C:\Users\ZKH\Desktop\web\Node\server\node_modules\express\lib\router\index.js:284:7
    at Function.process_params (C:\Users\ZKH\Desktop\web\Node\server\node_modules\express\lib\router\index.js:335:12)
    at next (C:\Users\ZKH\Desktop\web\Node\server\node_modules\express\lib\router\index.js:275:10)
    at SendStream.error (C:\Users\ZKH\Desktop\web\Node\server\node_modules\serve-static\index.js:121:7)
    at SendStream.emit (events.js:198:13)
    at SendStream.error (C:\Users\ZKH\Desktop\web\Node\server\node_modules\send\index.js:270:17)
  name: 'UnauthorizedError',
  message: 'No authorization token was found',
  code: 'credentials_required',
  status: 401,
  inner: { message: 'No authorization token was found' } }
2020-06-03 22:43:07: [0mGET /favicon.ico [33m401 [0m1.598 ms - 37[0m
2020-06-03 22:43:07: [0mGET /api/article/allList [36m304 [0m130.494 ms - -[0m
2020-06-03 22:43:07: { UnauthorizedError: No authorization token was found
    at middleware (C:\Users\ZKH\Desktop\web\Node\server\node_modules\express-jwt\lib\index.js:76:21)
    at C:\Users\ZKH\Desktop\web\Node\server\node_modules\express-unless\index.js:47:5
    at Layer.handle [as handle_request] (C:\Users\ZKH\Desktop\web\Node\server\node_modules\express\lib\router\layer.js:95:5)
    at trim_prefix (C:\Users\ZKH\Desktop\web\Node\server\node_modules\express\lib\router\index.js:317:13)
    at C:\Users\ZKH\Desktop\web\Node\server\node_modules\express\lib\router\index.js:284:7
    at Function.process_params (C:\Users\ZKH\Desktop\web\Node\server\node_modules\express\lib\router\index.js:335:12)
    at next (C:\Users\ZKH\Desktop\web\Node\server\node_modules\express\lib\router\index.js:275:10)
    at SendStream.error (C:\Users\ZKH\Desktop\web\Node\server\node_modules\serve-static\index.js:121:7)
    at SendStream.emit (events.js:198:13)
    at SendStream.error (C:\Users\ZKH\Desktop\web\Node\server\node_modules\send\index.js:270:17)
  name: 'UnauthorizedError',
  message: 'No authorization token was found',
  code: 'credentials_required',
  status: 401,
  inner: { message: 'No authorization token was found' } }
2020-06-03 22:43:07: [0mGET /favicon.ico [33m401 [0m1.968 ms - 37[0m
2020-06-03 22:43:08: [0mGET /api/article/allList [36m304 [0m129.787 ms - -[0m
2020-06-03 22:43:08: { UnauthorizedError: No authorization token was found
    at middleware (C:\Users\ZKH\Desktop\web\Node\server\node_modules\express-jwt\lib\index.js:76:21)
    at C:\Users\ZKH\Desktop\web\Node\server\node_modules\express-unless\index.js:47:5
    at Layer.handle [as handle_request] (C:\Users\ZKH\Desktop\web\Node\server\node_modules\express\lib\router\layer.js:95:5)
    at trim_prefix (C:\Users\ZKH\Desktop\web\Node\server\node_modules\express\lib\router\index.js:317:13)
    at C:\Users\ZKH\Desktop\web\Node\server\node_modules\express\lib\router\index.js:284:7
    at Function.process_params (C:\Users\ZKH\Desktop\web\Node\server\node_modules\express\lib\router\index.js:335:12)
    at next (C:\Users\ZKH\Desktop\web\Node\server\node_modules\express\lib\router\index.js:275:10)
    at SendStream.error (C:\Users\ZKH\Desktop\web\Node\server\node_modules\serve-static\index.js:121:7)
    at SendStream.emit (events.js:198:13)
    at SendStream.error (C:\Users\ZKH\Desktop\web\Node\server\node_modules\send\index.js:270:17)
  name: 'UnauthorizedError',
  message: 'No authorization token was found',
  code: 'credentials_required',
  status: 401,
  inner: { message: 'No authorization token was found' } }
2020-06-03 22:43:08: [0mGET /favicon.ico [33m401 [0m1.553 ms - 37[0m
2020-06-03 22:43:08: [0mGET /api/article/allList [36m304 [0m130.636 ms - -[0m
2020-06-03 22:43:08: { UnauthorizedError: No authorization token was found
    at middleware (C:\Users\ZKH\Desktop\web\Node\server\node_modules\express-jwt\lib\index.js:76:21)
    at C:\Users\ZKH\Desktop\web\Node\server\node_modules\express-unless\index.js:47:5
    at Layer.handle [as handle_request] (C:\Users\ZKH\Desktop\web\Node\server\node_modules\express\lib\router\layer.js:95:5)
    at trim_prefix (C:\Users\ZKH\Desktop\web\Node\server\node_modules\express\lib\router\index.js:317:13)
    at C:\Users\ZKH\Desktop\web\Node\server\node_modules\express\lib\router\index.js:284:7
    at Function.process_params (C:\Users\ZKH\Desktop\web\Node\server\node_modules\express\lib\router\index.js:335:12)
    at next (C:\Users\ZKH\Desktop\web\Node\server\node_modules\express\lib\router\index.js:275:10)
    at SendStream.error (C:\Users\ZKH\Desktop\web\Node\server\node_modules\serve-static\index.js:121:7)
    at SendStream.emit (events.js:198:13)
    at SendStream.error (C:\Users\ZKH\Desktop\web\Node\server\node_modules\send\index.js:270:17)
  name: 'UnauthorizedError',
  message: 'No authorization token was found',
  code: 'credentials_required',
  status: 401,
  inner: { message: 'No authorization token was found' } }
2020-06-03 22:43:08: [0mGET /favicon.ico [33m401 [0m1.339 ms - 37[0m
2020-06-03 22:43:08: [0mGET /api/article/allList [36m304 [0m129.289 ms - -[0m
2020-06-03 22:43:08: { UnauthorizedError: No authorization token was found
    at middleware (C:\Users\ZKH\Desktop\web\Node\server\node_modules\express-jwt\lib\index.js:76:21)
    at C:\Users\ZKH\Desktop\web\Node\server\node_modules\express-unless\index.js:47:5
    at Layer.handle [as handle_request] (C:\Users\ZKH\Desktop\web\Node\server\node_modules\express\lib\router\layer.js:95:5)
    at trim_prefix (C:\Users\ZKH\Desktop\web\Node\server\node_modules\express\lib\router\index.js:317:13)
    at C:\Users\ZKH\Desktop\web\Node\server\node_modules\express\lib\router\index.js:284:7
    at Function.process_params (C:\Users\ZKH\Desktop\web\Node\server\node_modules\express\lib\router\index.js:335:12)
    at next (C:\Users\ZKH\Desktop\web\Node\server\node_modules\express\lib\router\index.js:275:10)
    at SendStream.error (C:\Users\ZKH\Desktop\web\Node\server\node_modules\serve-static\index.js:121:7)
    at SendStream.emit (events.js:198:13)
    at SendStream.error (C:\Users\ZKH\Desktop\web\Node\server\node_modules\send\index.js:270:17)
  name: 'UnauthorizedError',
  message: 'No authorization token was found',
  code: 'credentials_required',
  status: 401,
  inner: { message: 'No authorization token was found' } }
2020-06-03 22:43:08: [0mGET /favicon.ico [33m401 [0m1.462 ms - 37[0m
2020-06-03 22:43:08: [0mGET /api/article/allList [36m304 [0m130.247 ms - -[0m
2020-06-03 22:43:08: { UnauthorizedError: No authorization token was found
    at middleware (C:\Users\ZKH\Desktop\web\Node\server\node_modules\express-jwt\lib\index.js:76:21)
    at C:\Users\ZKH\Desktop\web\Node\server\node_modules\express-unless\index.js:47:5
    at Layer.handle [as handle_request] (C:\Users\ZKH\Desktop\web\Node\server\node_modules\express\lib\router\layer.js:95:5)
    at trim_prefix (C:\Users\ZKH\Desktop\web\Node\server\node_modules\express\lib\router\index.js:317:13)
    at C:\Users\ZKH\Desktop\web\Node\server\node_modules\express\lib\router\index.js:284:7
    at Function.process_params (C:\Users\ZKH\Desktop\web\Node\server\node_modules\express\lib\router\index.js:335:12)
    at next (C:\Users\ZKH\Desktop\web\Node\server\node_modules\express\lib\router\index.js:275:10)
    at SendStream.error (C:\Users\ZKH\Desktop\web\Node\server\node_modules\serve-static\index.js:121:7)
    at SendStream.emit (events.js:198:13)
    at SendStream.error (C:\Users\ZKH\Desktop\web\Node\server\node_modules\send\index.js:270:17)
  name: 'UnauthorizedError',
  message: 'No authorization token was found',
  code: 'credentials_required',
  status: 401,
  inner: { message: 'No authorization token was found' } }
2020-06-03 22:43:08: [0mGET /favicon.ico [33m401 [0m1.247 ms - 37[0m
2020-06-03 22:43:09: [0mGET /api/article/allList [36m304 [0m129.705 ms - -[0m
2020-06-03 22:43:09: { UnauthorizedError: No authorization token was found
    at middleware (C:\Users\ZKH\Desktop\web\Node\server\node_modules\express-jwt\lib\index.js:76:21)
    at C:\Users\ZKH\Desktop\web\Node\server\node_modules\express-unless\index.js:47:5
    at Layer.handle [as handle_request] (C:\Users\ZKH\Desktop\web\Node\server\node_modules\express\lib\router\layer.js:95:5)
    at trim_prefix (C:\Users\ZKH\Desktop\web\Node\server\node_modules\express\lib\router\index.js:317:13)
    at C:\Users\ZKH\Desktop\web\Node\server\node_modules\express\lib\router\index.js:284:7
    at Function.process_params (C:\Users\ZKH\Desktop\web\Node\server\node_modules\express\lib\router\index.js:335:12)
    at next (C:\Users\ZKH\Desktop\web\Node\server\node_modules\express\lib\router\index.js:275:10)
    at SendStream.error (C:\Users\ZKH\Desktop\web\Node\server\node_modules\serve-static\index.js:121:7)
    at SendStream.emit (events.js:198:13)
    at SendStream.error (C:\Users\ZKH\Desktop\web\Node\server\node_modules\send\index.js:270:17)
  name: 'UnauthorizedError',
  message: 'No authorization token was found',
  code: 'credentials_required',
  status: 401,
  inner: { message: 'No authorization token was found' } }
2020-06-03 22:43:09: [0mGET /favicon.ico [33m401 [0m1.057 ms - 37[0m
2020-06-03 22:43:09: [0mGET /api/article/allList [36m304 [0m130.765 ms - -[0m
2020-06-03 22:43:09: { UnauthorizedError: No authorization token was found
    at middleware (C:\Users\ZKH\Desktop\web\Node\server\node_modules\express-jwt\lib\index.js:76:21)
    at C:\Users\ZKH\Desktop\web\Node\server\node_modules\express-unless\index.js:47:5
    at Layer.handle [as handle_request] (C:\Users\ZKH\Desktop\web\Node\server\node_modules\express\lib\router\layer.js:95:5)
    at trim_prefix (C:\Users\ZKH\Desktop\web\Node\server\node_modules\express\lib\router\index.js:317:13)
    at C:\Users\ZKH\Desktop\web\Node\server\node_modules\express\lib\router\index.js:284:7
    at Function.process_params (C:\Users\ZKH\Desktop\web\Node\server\node_modules\express\lib\router\index.js:335:12)
    at next (C:\Users\ZKH\Desktop\web\Node\server\node_modules\express\lib\router\index.js:275:10)
    at SendStream.error (C:\Users\ZKH\Desktop\web\Node\server\node_modules\serve-static\index.js:121:7)
    at SendStream.emit (events.js:198:13)
    at SendStream.error (C:\Users\ZKH\Desktop\web\Node\server\node_modules\send\index.js:270:17)
  name: 'UnauthorizedError',
  message: 'No authorization token was found',
  code: 'credentials_required',
  status: 401,
  inner: { message: 'No authorization token was found' } }
2020-06-03 22:43:09: [0mGET /favicon.ico [33m401 [0m1.496 ms - 37[0m
2020-06-03 22:43:09: [0mGET /api/article/allList [36m304 [0m130.440 ms - -[0m
2020-06-03 22:43:09: { UnauthorizedError: No authorization token was found
    at middleware (C:\Users\ZKH\Desktop\web\Node\server\node_modules\express-jwt\lib\index.js:76:21)
    at C:\Users\ZKH\Desktop\web\Node\server\node_modules\express-unless\index.js:47:5
    at Layer.handle [as handle_request] (C:\Users\ZKH\Desktop\web\Node\server\node_modules\express\lib\router\layer.js:95:5)
    at trim_prefix (C:\Users\ZKH\Desktop\web\Node\server\node_modules\express\lib\router\index.js:317:13)
    at C:\Users\ZKH\Desktop\web\Node\server\node_modules\express\lib\router\index.js:284:7
    at Function.process_params (C:\Users\ZKH\Desktop\web\Node\server\node_modules\express\lib\router\index.js:335:12)
    at next (C:\Users\ZKH\Desktop\web\Node\server\node_modules\express\lib\router\index.js:275:10)
    at SendStream.error (C:\Users\ZKH\Desktop\web\Node\server\node_modules\serve-static\index.js:121:7)
    at SendStream.emit (events.js:198:13)
    at SendStream.error (C:\Users\ZKH\Desktop\web\Node\server\node_modules\send\index.js:270:17)
  name: 'UnauthorizedError',
  message: 'No authorization token was found',
  code: 'credentials_required',
  status: 401,
  inner: { message: 'No authorization token was found' } }
2020-06-03 22:43:09: [0mGET /favicon.ico [33m401 [0m2.066 ms - 37[0m
2020-06-03 22:43:09: [0mGET /api/article/allList [36m304 [0m130.989 ms - -[0m
2020-06-03 22:43:09: { UnauthorizedError: No authorization token was found
    at middleware (C:\Users\ZKH\Desktop\web\Node\server\node_modules\express-jwt\lib\index.js:76:21)
    at C:\Users\ZKH\Desktop\web\Node\server\node_modules\express-unless\index.js:47:5
    at Layer.handle [as handle_request] (C:\Users\ZKH\Desktop\web\Node\server\node_modules\express\lib\router\layer.js:95:5)
    at trim_prefix (C:\Users\ZKH\Desktop\web\Node\server\node_modules\express\lib\router\index.js:317:13)
    at C:\Users\ZKH\Desktop\web\Node\server\node_modules\express\lib\router\index.js:284:7
    at Function.process_params (C:\Users\ZKH\Desktop\web\Node\server\node_modules\express\lib\router\index.js:335:12)
    at next (C:\Users\ZKH\Desktop\web\Node\server\node_modules\express\lib\router\index.js:275:10)
    at SendStream.error (C:\Users\ZKH\Desktop\web\Node\server\node_modules\serve-static\index.js:121:7)
    at SendStream.emit (events.js:198:13)
    at SendStream.error (C:\Users\ZKH\Desktop\web\Node\server\node_modules\send\index.js:270:17)
  name: 'UnauthorizedError',
  message: 'No authorization token was found',
  code: 'credentials_required',
  status: 401,
  inner: { message: 'No authorization token was found' } }
2020-06-03 22:43:09: [0mGET /favicon.ico [33m401 [0m1.060 ms - 37[0m
2020-06-03 22:43:10: [0mGET /api/article/allList [36m304 [0m131.719 ms - -[0m
2020-06-03 22:43:10: { UnauthorizedError: No authorization token was found
    at middleware (C:\Users\ZKH\Desktop\web\Node\server\node_modules\express-jwt\lib\index.js:76:21)
    at C:\Users\ZKH\Desktop\web\Node\server\node_modules\express-unless\index.js:47:5
    at Layer.handle [as handle_request] (C:\Users\ZKH\Desktop\web\Node\server\node_modules\express\lib\router\layer.js:95:5)
    at trim_prefix (C:\Users\ZKH\Desktop\web\Node\server\node_modules\express\lib\router\index.js:317:13)
    at C:\Users\ZKH\Desktop\web\Node\server\node_modules\express\lib\router\index.js:284:7
    at Function.process_params (C:\Users\ZKH\Desktop\web\Node\server\node_modules\express\lib\router\index.js:335:12)
    at next (C:\Users\ZKH\Desktop\web\Node\server\node_modules\express\lib\router\index.js:275:10)
    at SendStream.error (C:\Users\ZKH\Desktop\web\Node\server\node_modules\serve-static\index.js:121:7)
    at SendStream.emit (events.js:198:13)
    at SendStream.error (C:\Users\ZKH\Desktop\web\Node\server\node_modules\send\index.js:270:17)
  name: 'UnauthorizedError',
  message: 'No authorization token was found',
  code: 'credentials_required',
  status: 401,
  inner: { message: 'No authorization token was found' } }
2020-06-03 22:43:10: [0mGET /favicon.ico [33m401 [0m1.588 ms - 37[0m
2020-06-03 22:43:10: [0mGET /api/article/allList [36m304 [0m133.000 ms - -[0m
2020-06-03 22:43:10: { UnauthorizedError: No authorization token was found
    at middleware (C:\Users\ZKH\Desktop\web\Node\server\node_modules\express-jwt\lib\index.js:76:21)
    at C:\Users\ZKH\Desktop\web\Node\server\node_modules\express-unless\index.js:47:5
    at Layer.handle [as handle_request] (C:\Users\ZKH\Desktop\web\Node\server\node_modules\express\lib\router\layer.js:95:5)
    at trim_prefix (C:\Users\ZKH\Desktop\web\Node\server\node_modules\express\lib\router\index.js:317:13)
    at C:\Users\ZKH\Desktop\web\Node\server\node_modules\express\lib\router\index.js:284:7
    at Function.process_params (C:\Users\ZKH\Desktop\web\Node\server\node_modules\express\lib\router\index.js:335:12)
    at next (C:\Users\ZKH\Desktop\web\Node\server\node_modules\express\lib\router\index.js:275:10)
    at SendStream.error (C:\Users\ZKH\Desktop\web\Node\server\node_modules\serve-static\index.js:121:7)
    at SendStream.emit (events.js:198:13)
    at SendStream.error (C:\Users\ZKH\Desktop\web\Node\server\node_modules\send\index.js:270:17)
  name: 'UnauthorizedError',
  message: 'No authorization token was found',
  code: 'credentials_required',
  status: 401,
  inner: { message: 'No authorization token was found' } }
2020-06-03 22:43:10: [0mGET /favicon.ico [33m401 [0m1.587 ms - 37[0m
2020-06-03 22:43:11: [0mGET /api/article/allList [36m304 [0m130.399 ms - -[0m
2020-06-03 22:43:11: { UnauthorizedError: No authorization token was found
    at middleware (C:\Users\ZKH\Desktop\web\Node\server\node_modules\express-jwt\lib\index.js:76:21)
    at C:\Users\ZKH\Desktop\web\Node\server\node_modules\express-unless\index.js:47:5
    at Layer.handle [as handle_request] (C:\Users\ZKH\Desktop\web\Node\server\node_modules\express\lib\router\layer.js:95:5)
    at trim_prefix (C:\Users\ZKH\Desktop\web\Node\server\node_modules\express\lib\router\index.js:317:13)
    at C:\Users\ZKH\Desktop\web\Node\server\node_modules\express\lib\router\index.js:284:7
    at Function.process_params (C:\Users\ZKH\Desktop\web\Node\server\node_modules\express\lib\router\index.js:335:12)
    at next (C:\Users\ZKH\Desktop\web\Node\server\node_modules\express\lib\router\index.js:275:10)
    at SendStream.error (C:\Users\ZKH\Desktop\web\Node\server\node_modules\serve-static\index.js:121:7)
    at SendStream.emit (events.js:198:13)
    at SendStream.error (C:\Users\ZKH\Desktop\web\Node\server\node_modules\send\index.js:270:17)
  name: 'UnauthorizedError',
  message: 'No authorization token was found',
  code: 'credentials_required',
  status: 401,
  inner: { message: 'No authorization token was found' } }
2020-06-03 22:43:11: [0mGET /favicon.ico [33m401 [0m1.149 ms - 37[0m
2020-06-03 22:43:11: [0mGET /api/article/allList [36m304 [0m129.664 ms - -[0m
2020-06-03 22:43:11: { UnauthorizedError: No authorization token was found
    at middleware (C:\Users\ZKH\Desktop\web\Node\server\node_modules\express-jwt\lib\index.js:76:21)
    at C:\Users\ZKH\Desktop\web\Node\server\node_modules\express-unless\index.js:47:5
    at Layer.handle [as handle_request] (C:\Users\ZKH\Desktop\web\Node\server\node_modules\express\lib\router\layer.js:95:5)
    at trim_prefix (C:\Users\ZKH\Desktop\web\Node\server\node_modules\express\lib\router\index.js:317:13)
    at C:\Users\ZKH\Desktop\web\Node\server\node_modules\express\lib\router\index.js:284:7
    at Function.process_params (C:\Users\ZKH\Desktop\web\Node\server\node_modules\express\lib\router\index.js:335:12)
    at next (C:\Users\ZKH\Desktop\web\Node\server\node_modules\express\lib\router\index.js:275:10)
    at SendStream.error (C:\Users\ZKH\Desktop\web\Node\server\node_modules\serve-static\index.js:121:7)
    at SendStream.emit (events.js:198:13)
    at SendStream.error (C:\Users\ZKH\Desktop\web\Node\server\node_modules\send\index.js:270:17)
  name: 'UnauthorizedError',
  message: 'No authorization token was found',
  code: 'credentials_required',
  status: 401,
  inner: { message: 'No authorization token was found' } }
2020-06-03 22:43:11: [0mGET /favicon.ico [33m401 [0m0.936 ms - 37[0m
2020-06-03 22:43:11: [0mGET /api/article/allList [36m304 [0m129.458 ms - -[0m
2020-06-03 22:43:11: { UnauthorizedError: No authorization token was found
    at middleware (C:\Users\ZKH\Desktop\web\Node\server\node_modules\express-jwt\lib\index.js:76:21)
    at C:\Users\ZKH\Desktop\web\Node\server\node_modules\express-unless\index.js:47:5
    at Layer.handle [as handle_request] (C:\Users\ZKH\Desktop\web\Node\server\node_modules\express\lib\router\layer.js:95:5)
    at trim_prefix (C:\Users\ZKH\Desktop\web\Node\server\node_modules\express\lib\router\index.js:317:13)
    at C:\Users\ZKH\Desktop\web\Node\server\node_modules\express\lib\router\index.js:284:7
    at Function.process_params (C:\Users\ZKH\Desktop\web\Node\server\node_modules\express\lib\router\index.js:335:12)
    at next (C:\Users\ZKH\Desktop\web\Node\server\node_modules\express\lib\router\index.js:275:10)
    at SendStream.error (C:\Users\ZKH\Desktop\web\Node\server\node_modules\serve-static\index.js:121:7)
    at SendStream.emit (events.js:198:13)
    at SendStream.error (C:\Users\ZKH\Desktop\web\Node\server\node_modules\send\index.js:270:17)
  name: 'UnauthorizedError',
  message: 'No authorization token was found',
  code: 'credentials_required',
  status: 401,
  inner: { message: 'No authorization token was found' } }
2020-06-03 22:43:11: [0mGET /favicon.ico [33m401 [0m1.284 ms - 37[0m
2020-06-03 22:44:01: [0mGET /api/article/allList [36m304 [0m131.513 ms - -[0m
2020-06-03 22:44:01: { UnauthorizedError: No authorization token was found
    at middleware (C:\Users\ZKH\Desktop\web\Node\server\node_modules\express-jwt\lib\index.js:76:21)
    at C:\Users\ZKH\Desktop\web\Node\server\node_modules\express-unless\index.js:47:5
    at Layer.handle [as handle_request] (C:\Users\ZKH\Desktop\web\Node\server\node_modules\express\lib\router\layer.js:95:5)
    at trim_prefix (C:\Users\ZKH\Desktop\web\Node\server\node_modules\express\lib\router\index.js:317:13)
    at C:\Users\ZKH\Desktop\web\Node\server\node_modules\express\lib\router\index.js:284:7
    at Function.process_params (C:\Users\ZKH\Desktop\web\Node\server\node_modules\express\lib\router\index.js:335:12)
    at next (C:\Users\ZKH\Desktop\web\Node\server\node_modules\express\lib\router\index.js:275:10)
    at SendStream.error (C:\Users\ZKH\Desktop\web\Node\server\node_modules\serve-static\index.js:121:7)
    at SendStream.emit (events.js:198:13)
    at SendStream.error (C:\Users\ZKH\Desktop\web\Node\server\node_modules\send\index.js:270:17)
  name: 'UnauthorizedError',
  message: 'No authorization token was found',
  code: 'credentials_required',
  status: 401,
  inner: { message: 'No authorization token was found' } }
2020-06-03 22:44:01: [0mGET /favicon.ico [33m401 [0m2.522 ms - 37[0m
2020-06-03 22:44:02: [0mGET /api/article/allList [36m304 [0m129.436 ms - -[0m
2020-06-03 22:44:02: { UnauthorizedError: No authorization token was found
    at middleware (C:\Users\ZKH\Desktop\web\Node\server\node_modules\express-jwt\lib\index.js:76:21)
    at C:\Users\ZKH\Desktop\web\Node\server\node_modules\express-unless\index.js:47:5
    at Layer.handle [as handle_request] (C:\Users\ZKH\Desktop\web\Node\server\node_modules\express\lib\router\layer.js:95:5)
    at trim_prefix (C:\Users\ZKH\Desktop\web\Node\server\node_modules\express\lib\router\index.js:317:13)
    at C:\Users\ZKH\Desktop\web\Node\server\node_modules\express\lib\router\index.js:284:7
    at Function.process_params (C:\Users\ZKH\Desktop\web\Node\server\node_modules\express\lib\router\index.js:335:12)
    at next (C:\Users\ZKH\Desktop\web\Node\server\node_modules\express\lib\router\index.js:275:10)
    at SendStream.error (C:\Users\ZKH\Desktop\web\Node\server\node_modules\serve-static\index.js:121:7)
    at SendStream.emit (events.js:198:13)
    at SendStream.error (C:\Users\ZKH\Desktop\web\Node\server\node_modules\send\index.js:270:17)
  name: 'UnauthorizedError',
  message: 'No authorization token was found',
  code: 'credentials_required',
  status: 401,
  inner: { message: 'No authorization token was found' } }
2020-06-03 22:44:02: [0mGET /favicon.ico [33m401 [0m1.624 ms - 37[0m
2020-06-03 22:44:04: [0mGET /api/article/allList [36m304 [0m129.474 ms - -[0m
2020-06-03 22:44:05: { UnauthorizedError: No authorization token was found
    at middleware (C:\Users\ZKH\Desktop\web\Node\server\node_modules\express-jwt\lib\index.js:76:21)
    at C:\Users\ZKH\Desktop\web\Node\server\node_modules\express-unless\index.js:47:5
    at Layer.handle [as handle_request] (C:\Users\ZKH\Desktop\web\Node\server\node_modules\express\lib\router\layer.js:95:5)
    at trim_prefix (C:\Users\ZKH\Desktop\web\Node\server\node_modules\express\lib\router\index.js:317:13)
    at C:\Users\ZKH\Desktop\web\Node\server\node_modules\express\lib\router\index.js:284:7
    at Function.process_params (C:\Users\ZKH\Desktop\web\Node\server\node_modules\express\lib\router\index.js:335:12)
    at next (C:\Users\ZKH\Desktop\web\Node\server\node_modules\express\lib\router\index.js:275:10)
    at SendStream.error (C:\Users\ZKH\Desktop\web\Node\server\node_modules\serve-static\index.js:121:7)
    at SendStream.emit (events.js:198:13)
    at SendStream.error (C:\Users\ZKH\Desktop\web\Node\server\node_modules\send\index.js:270:17)
  name: 'UnauthorizedError',
  message: 'No authorization token was found',
  code: 'credentials_required',
  status: 401,
  inner: { message: 'No authorization token was found' } }
2020-06-03 22:44:05: [0mGET /favicon.ico [33m401 [0m1.404 ms - 37[0m
2020-06-03 22:44:06: [0mGET /api/article/allList [36m304 [0m355.176 ms - -[0m
2020-06-03 22:44:06: { UnauthorizedError: No authorization token was found
    at middleware (C:\Users\ZKH\Desktop\web\Node\server\node_modules\express-jwt\lib\index.js:76:21)
    at C:\Users\ZKH\Desktop\web\Node\server\node_modules\express-unless\index.js:47:5
    at Layer.handle [as handle_request] (C:\Users\ZKH\Desktop\web\Node\server\node_modules\express\lib\router\layer.js:95:5)
    at trim_prefix (C:\Users\ZKH\Desktop\web\Node\server\node_modules\express\lib\router\index.js:317:13)
    at C:\Users\ZKH\Desktop\web\Node\server\node_modules\express\lib\router\index.js:284:7
    at Function.process_params (C:\Users\ZKH\Desktop\web\Node\server\node_modules\express\lib\router\index.js:335:12)
    at next (C:\Users\ZKH\Desktop\web\Node\server\node_modules\express\lib\router\index.js:275:10)
    at SendStream.error (C:\Users\ZKH\Desktop\web\Node\server\node_modules\serve-static\index.js:121:7)
    at SendStream.emit (events.js:198:13)
    at SendStream.error (C:\Users\ZKH\Desktop\web\Node\server\node_modules\send\index.js:270:17)
  name: 'UnauthorizedError',
  message: 'No authorization token was found',
  code: 'credentials_required',
  status: 401,
  inner: { message: 'No authorization token was found' } }
2020-06-03 22:44:06: [0mGET /favicon.ico [33m401 [0m1.268 ms - 37[0m
2020-06-03 22:44:07: [0mGET /api/article/allList [36m304 [0m130.556 ms - -[0m
2020-06-03 22:44:07: { UnauthorizedError: No authorization token was found
    at middleware (C:\Users\ZKH\Desktop\web\Node\server\node_modules\express-jwt\lib\index.js:76:21)
    at C:\Users\ZKH\Desktop\web\Node\server\node_modules\express-unless\index.js:47:5
    at Layer.handle [as handle_request] (C:\Users\ZKH\Desktop\web\Node\server\node_modules\express\lib\router\layer.js:95:5)
    at trim_prefix (C:\Users\ZKH\Desktop\web\Node\server\node_modules\express\lib\router\index.js:317:13)
    at C:\Users\ZKH\Desktop\web\Node\server\node_modules\express\lib\router\index.js:284:7
    at Function.process_params (C:\Users\ZKH\Desktop\web\Node\server\node_modules\express\lib\router\index.js:335:12)
    at next (C:\Users\ZKH\Desktop\web\Node\server\node_modules\express\lib\router\index.js:275:10)
    at SendStream.error (C:\Users\ZKH\Desktop\web\Node\server\node_modules\serve-static\index.js:121:7)
    at SendStream.emit (events.js:198:13)
    at SendStream.error (C:\Users\ZKH\Desktop\web\Node\server\node_modules\send\index.js:270:17)
  name: 'UnauthorizedError',
  message: 'No authorization token was found',
  code: 'credentials_required',
  status: 401,
  inner: { message: 'No authorization token was found' } }
2020-06-03 22:44:07: [0mGET /favicon.ico [33m401 [0m2.608 ms - 37[0m
2020-06-03 22:44:08: [0mGET /api/article/allList [36m304 [0m131.127 ms - -[0m
2020-06-03 22:44:08: { UnauthorizedError: No authorization token was found
    at middleware (C:\Users\ZKH\Desktop\web\Node\server\node_modules\express-jwt\lib\index.js:76:21)
    at C:\Users\ZKH\Desktop\web\Node\server\node_modules\express-unless\index.js:47:5
    at Layer.handle [as handle_request] (C:\Users\ZKH\Desktop\web\Node\server\node_modules\express\lib\router\layer.js:95:5)
    at trim_prefix (C:\Users\ZKH\Desktop\web\Node\server\node_modules\express\lib\router\index.js:317:13)
    at C:\Users\ZKH\Desktop\web\Node\server\node_modules\express\lib\router\index.js:284:7
    at Function.process_params (C:\Users\ZKH\Desktop\web\Node\server\node_modules\express\lib\router\index.js:335:12)
    at next (C:\Users\ZKH\Desktop\web\Node\server\node_modules\express\lib\router\index.js:275:10)
    at SendStream.error (C:\Users\ZKH\Desktop\web\Node\server\node_modules\serve-static\index.js:121:7)
    at SendStream.emit (events.js:198:13)
    at SendStream.error (C:\Users\ZKH\Desktop\web\Node\server\node_modules\send\index.js:270:17)
  name: 'UnauthorizedError',
  message: 'No authorization token was found',
  code: 'credentials_required',
  status: 401,
  inner: { message: 'No authorization token was found' } }
2020-06-03 22:44:08: [0mGET /favicon.ico [33m401 [0m1.908 ms - 37[0m
2020-06-03 22:44:09: [0mGET /api/article/allList [36m304 [0m131.400 ms - -[0m
2020-06-03 22:44:09: { UnauthorizedError: No authorization token was found
    at middleware (C:\Users\ZKH\Desktop\web\Node\server\node_modules\express-jwt\lib\index.js:76:21)
    at C:\Users\ZKH\Desktop\web\Node\server\node_modules\express-unless\index.js:47:5
    at Layer.handle [as handle_request] (C:\Users\ZKH\Desktop\web\Node\server\node_modules\express\lib\router\layer.js:95:5)
    at trim_prefix (C:\Users\ZKH\Desktop\web\Node\server\node_modules\express\lib\router\index.js:317:13)
    at C:\Users\ZKH\Desktop\web\Node\server\node_modules\express\lib\router\index.js:284:7
    at Function.process_params (C:\Users\ZKH\Desktop\web\Node\server\node_modules\express\lib\router\index.js:335:12)
    at next (C:\Users\ZKH\Desktop\web\Node\server\node_modules\express\lib\router\index.js:275:10)
    at SendStream.error (C:\Users\ZKH\Desktop\web\Node\server\node_modules\serve-static\index.js:121:7)
    at SendStream.emit (events.js:198:13)
    at SendStream.error (C:\Users\ZKH\Desktop\web\Node\server\node_modules\send\index.js:270:17)
  name: 'UnauthorizedError',
  message: 'No authorization token was found',
  code: 'credentials_required',
  status: 401,
  inner: { message: 'No authorization token was found' } }
2020-06-03 22:44:09: [0mGET /favicon.ico [33m401 [0m1.429 ms - 37[0m
2020-06-04 12:02:46: [0mGET /api/article/allList [32m200 [0m521.640 ms - 1335[0m
2020-06-04 12:02:46: { UnauthorizedError: No authorization token was found
    at middleware (C:\Users\ZKH\Desktop\web\Node\server\blog\node_modules\express-jwt\lib\index.js:76:21)
    at C:\Users\ZKH\Desktop\web\Node\server\blog\node_modules\express-unless\index.js:47:5
    at Layer.handle [as handle_request] (C:\Users\ZKH\Desktop\web\Node\server\blog\node_modules\express\lib\router\layer.js:95:5)
    at trim_prefix (C:\Users\ZKH\Desktop\web\Node\server\blog\node_modules\express\lib\router\index.js:317:13)
    at C:\Users\ZKH\Desktop\web\Node\server\blog\node_modules\express\lib\router\index.js:284:7
    at Function.process_params (C:\Users\ZKH\Desktop\web\Node\server\blog\node_modules\express\lib\router\index.js:335:12)
    at next (C:\Users\ZKH\Desktop\web\Node\server\blog\node_modules\express\lib\router\index.js:275:10)
    at SendStream.error (C:\Users\ZKH\Desktop\web\Node\server\blog\node_modules\serve-static\index.js:121:7)
    at SendStream.emit (events.js:198:13)
    at SendStream.error (C:\Users\ZKH\Desktop\web\Node\server\blog\node_modules\send\index.js:270:17)
  name: 'UnauthorizedError',
  message: 'No authorization token was found',
  code: 'credentials_required',
  status: 401,
  inner: { message: 'No authorization token was found' } }
2020-06-04 12:02:46: [0mGET /favicon.ico [33m401 [0m7.913 ms - 37[0m
